INFO:werkzeug: * Detected change in '/home/lem/Codes/CMM/app.py', reloading
INFO:werkzeug: * Detected change in '/home/lem/Codes/CMM/app.py', reloading
INFO:root:{"passphrase": "abcdefgh", "time": "2022-08-01T06:59:00Z", "exchange": "BINANCE", "ticker": "BTCUSD", "bar": {"time": "2022-08-01T06:59:00Z", "open": 23218.72, "high": 23218.72, "low": 23218.72, "close": 23218.72, "volume": 0.00081}, "strategy": {"position_size": 1, "order_action": "sell", "order_contracts": 0.1, "order_price": 23218.72, "order_id": "BBandSE", "market_position": "long", "market_position_size": 0.1, "prev_market_position": "long", "prev_market_position_size": 1}}
INFO:root:Submitting order to Alpaca - symbol=BTCUSD quantity=0.1 side=sell limit_price=23219
DEBUG:urllib3.connectionpool:Starting new HTTPS connection (1): paper-api.alpaca.markets:443
DEBUG:urllib3.connectionpool:https://paper-api.alpaca.markets:443 "POST /v2/orders HTTP/1.1" 200 794
INFO:root:Got order back from Alpaca
INFO:root:Order({   'asset_class': 'crypto',
    'asset_id': '276e2673-764b-4ab6-a611-caf665ca6340',
    'canceled_at': None,
    'client_order_id': 'bd656796-9df7-4034-977a-037ecbc3b4c9',
    'created_at': '2022-08-01T08:54:27.355043906Z',
    'expired_at': None,
    'extended_hours': False,
    'failed_at': None,
    'filled_at': None,
    'filled_avg_price': None,
    'filled_qty': '0',
    'hwm': None,
    'id': '7e9285c8-9e21-4d28-9040-209b9793a540',
    'legs': None,
    'limit_price': '23219',
    'notional': None,
    'order_class': '',
    'order_type': 'limit',
    'qty': '0.1',
    'replaced_at': None,
    'replaced_by': None,
    'replaces': None,
    'side': 'sell',
    'source': None,
    'status': 'pending_new',
    'stop_price': None,
    'submitted_at': '2022-08-01T08:54:27.353646986Z',
    'subtag': None,
    'symbol': 'BTC/USD',
    'time_in_force': 'gtc',
    'trail_percent': None,
    'trail_price': None,
    'type': 'limit',
    'updated_at': '2022-08-01T08:54:27.355119706Z'})
DEBUG:urllib3.connectionpool:Starting new HTTPS connection (1): discord.com:443
DEBUG:urllib3.connectionpool:https://discord.com:443 "POST /api/webhooks/993859661226840164/I8fTGIiwIssF7k9pTuAgtBoubXa3zG0PxPx7JsrgAdYV8mVcecUWJg1SGeRft_1IO5-3 HTTP/1.1" 204 0
INFO:werkzeug:127.0.0.1 - - [01/Aug/2022 16:54:27] "POST /webhook HTTP/1.1" 200 -
INFO:werkzeug: * Detected change in '/home/lem/Codes/CMM/app.py', reloading
INFO:werkzeug: * Detected change in '/home/lem/Codes/CMM/app.py', reloading
INFO:werkzeug: * Detected change in '/home/lem/Codes/CMM/app.py', reloading
INFO:werkzeug: * Detected change in '/home/lem/Codes/CMM/app.py', reloading
INFO:werkzeug: * Detected change in '/home/lem/Codes/CMM/app.py', reloading
INFO:werkzeug: * Detected change in '/home/lem/Codes/CMM/app.py', reloading
INFO:werkzeug: * Detected change in '/home/lem/Codes/CMM/app.py', reloading
INFO:werkzeug: * Detected change in '/home/lem/Codes/CMM/app.py', reloading
INFO:werkzeug: * Detected change in '/home/lem/Codes/CMM/app.py', reloading
INFO:werkzeug: * Detected change in '/home/lem/Codes/CMM/app.py', reloading
INFO:root:{"passphrase": "abcdefgh", "time": "2022-08-01T06:59:00Z", "exchange": "BINANCE", "ticker": "BTCUSD", "bar": {"time": "2022-08-01T06:59:00Z", "open": 23218.72, "high": 23218.72, "low": 23218.72, "close": 23218.72, "volume": 0.00081}, "strategy": {"position_size": 1, "order_action": "sell", "order_contracts": 0.1, "order_price": 23218.72, "order_id": "BBandSE", "market_position": "long", "market_position_size": 0.1, "prev_market_position": "long", "prev_market_position_size": 1}}
DEBUG:urllib3.connectionpool:Starting new HTTPS connection (1): discord.com:443
DEBUG:urllib3.connectionpool:https://discord.com:443 "POST /api/webhooks/993859661226840164/I8fTGIiwIssF7k9pTuAgtBoubXa3zG0PxPx7JsrgAdYV8mVcecUWJg1SGeRft_1IO5-3 HTTP/1.1" 204 0
INFO:root:Submitting order to Alpaca - symbol=BTCUSD quantity=0.1 side=sell limit_price=23219
DEBUG:urllib3.connectionpool:Starting new HTTPS connection (1): paper-api.alpaca.markets:443
DEBUG:urllib3.connectionpool:https://paper-api.alpaca.markets:443 "POST /v2/orders HTTP/1.1" 200 794
INFO:root:Got order back from Alpaca
INFO:root:Order({   'asset_class': 'crypto',
    'asset_id': '276e2673-764b-4ab6-a611-caf665ca6340',
    'canceled_at': None,
    'client_order_id': 'b15b084a-a6f6-421d-82e6-a7d4de88c9ac',
    'created_at': '2022-08-01T08:57:54.594562315Z',
    'expired_at': None,
    'extended_hours': False,
    'failed_at': None,
    'filled_at': None,
    'filled_avg_price': None,
    'filled_qty': '0',
    'hwm': None,
    'id': 'f98b388e-a839-408a-9d44-be96f580972f',
    'legs': None,
    'limit_price': '23219',
    'notional': None,
    'order_class': '',
    'order_type': 'limit',
    'qty': '0.1',
    'replaced_at': None,
    'replaced_by': None,
    'replaces': None,
    'side': 'sell',
    'source': None,
    'status': 'pending_new',
    'stop_price': None,
    'submitted_at': '2022-08-01T08:57:54.592131736Z',
    'subtag': None,
    'symbol': 'BTC/USD',
    'time_in_force': 'gtc',
    'trail_percent': None,
    'trail_price': None,
    'type': 'limit',
    'updated_at': '2022-08-01T08:57:54.594628825Z'})
DEBUG:urllib3.connectionpool:Starting new HTTPS connection (1): discord.com:443
DEBUG:urllib3.connectionpool:https://discord.com:443 "POST /api/webhooks/993859661226840164/I8fTGIiwIssF7k9pTuAgtBoubXa3zG0PxPx7JsrgAdYV8mVcecUWJg1SGeRft_1IO5-3 HTTP/1.1" 204 0
INFO:werkzeug:127.0.0.1 - - [01/Aug/2022 16:57:55] "POST /webhook HTTP/1.1" 200 -
INFO:werkzeug: * Detected change in '/home/lem/Codes/CMM/app.py', reloading
INFO:werkzeug: * Detected change in '/home/lem/Codes/CMM/app.py', reloading
INFO:werkzeug: * Detected change in '/home/lem/Codes/CMM/app.py', reloading
INFO:werkzeug: * Detected change in '/home/lem/Codes/CMM/app.py', reloading
INFO:werkzeug: * Detected change in '/home/lem/Codes/CMM/app.py', reloading
INFO:werkzeug: * Detected change in '/home/lem/Codes/CMM/app.py', reloading
INFO:werkzeug: * Detected change in '/home/lem/Codes/CMM/app.py', reloading
INFO:werkzeug: * Detected change in '/home/lem/Codes/CMM/app.py', reloading
INFO:werkzeug: * Detected change in '/home/lem/Codes/CMM/app.py', reloading
INFO:werkzeug: * Detected change in '/home/lem/Codes/CMM/app.py', reloading
INFO:werkzeug: * Detected change in '/home/lem/Codes/CMM/app.py', reloading
INFO:werkzeug: * Detected change in '/home/lem/Codes/CMM/app.py', reloading
INFO:werkzeug: * Detected change in '/home/lem/Codes/CMM/app.py', reloading
INFO:root:{
    "passphrase": "abcdefgh",
    "time": "2022-08-01T06:59:00Z",
    "exchange": "BINANCE",
    "ticker": "BTCUSD",
    "bar": {
        "time": "2022-08-01T06:59:00Z",
        "open": 23218.72,
        "high": 23218.72,
        "low": 23218.72,
        "close": 23218.72,
        "volume": 0.00081
    },
    "strategy": {
        "position_size": 1,
        "order_action": "sell",
        "order_contracts": 0.1,
        "order_price": 23218.72,
        "order_id": "BBandSE",
        "market_position": "long",
        "market_position_size": 0.1,
        "prev_market_position": "long",
        "prev_market_position_size": 1
    }
}
DEBUG:urllib3.connectionpool:Starting new HTTPS connection (1): discord.com:443
DEBUG:urllib3.connectionpool:https://discord.com:443 "POST /api/webhooks/993859661226840164/I8fTGIiwIssF7k9pTuAgtBoubXa3zG0PxPx7JsrgAdYV8mVcecUWJg1SGeRft_1IO5-3 HTTP/1.1" 204 0
INFO:root:Submitting order to Alpaca - symbol=BTCUSD quantity=0.1 side=sell limit_price=23219
DEBUG:urllib3.connectionpool:Starting new HTTPS connection (1): paper-api.alpaca.markets:443
DEBUG:urllib3.connectionpool:https://paper-api.alpaca.markets:443 "POST /v2/orders HTTP/1.1" 200 794
INFO:root:Got order back from Alpaca
INFO:root:Order({   'asset_class': 'crypto',
    'asset_id': '276e2673-764b-4ab6-a611-caf665ca6340',
    'canceled_at': None,
    'client_order_id': '75fe53d1-9517-49db-a0ba-067218d04127',
    'created_at': '2022-08-01T09:02:41.720710434Z',
    'expired_at': None,
    'extended_hours': False,
    'failed_at': None,
    'filled_at': None,
    'filled_avg_price': None,
    'filled_qty': '0',
    'hwm': None,
    'id': '6de56290-368b-418c-94f0-63f370881bdb',
    'legs': None,
    'limit_price': '23219',
    'notional': None,
    'order_class': '',
    'order_type': 'limit',
    'qty': '0.1',
    'replaced_at': None,
    'replaced_by': None,
    'replaces': None,
    'side': 'sell',
    'source': None,
    'status': 'pending_new',
    'stop_price': None,
    'submitted_at': '2022-08-01T09:02:41.719241585Z',
    'subtag': None,
    'symbol': 'BTC/USD',
    'time_in_force': 'gtc',
    'trail_percent': None,
    'trail_price': None,
    'type': 'limit',
    'updated_at': '2022-08-01T09:02:41.720787245Z'})
DEBUG:urllib3.connectionpool:Starting new HTTPS connection (1): discord.com:443
DEBUG:urllib3.connectionpool:https://discord.com:443 "POST /api/webhooks/993859661226840164/I8fTGIiwIssF7k9pTuAgtBoubXa3zG0PxPx7JsrgAdYV8mVcecUWJg1SGeRft_1IO5-3 HTTP/1.1" 204 0
INFO:werkzeug:127.0.0.1 - - [01/Aug/2022 17:02:42] "POST /webhook HTTP/1.1" 200 -
INFO:werkzeug: * Detected change in '/home/lem/Codes/CMM/app.py', reloading
INFO:werkzeug: * Detected change in '/home/lem/Codes/CMM/app.py', reloading
INFO:werkzeug: * Detected change in '/home/lem/Codes/CMM/app.py', reloading
INFO:werkzeug: * Detected change in '/home/lem/Codes/CMM/app.py', reloading
INFO:werkzeug: * Detected change in '/home/lem/Codes/CMM/app.py', reloading
INFO:werkzeug: * Detected change in '/home/lem/Codes/CMM/app.py', reloading
INFO:werkzeug: * Detected change in '/home/lem/Codes/CMM/app.py', reloading
INFO:werkzeug: * Detected change in '/home/lem/Codes/CMM/app.py', reloading
INFO:werkzeug: * Detected change in '/home/lem/Codes/CMM/app.py', reloading
INFO:werkzeug: * Detected change in '/home/lem/Codes/CMM/app.py', reloading
INFO:werkzeug: * Detected change in '/home/lem/Codes/CMM/app.py', reloading
INFO:werkzeug: * Detected change in '/home/lem/Codes/CMM/app.py', reloading
INFO:werkzeug: * Detected change in '/home/lem/Codes/CMM/app.py', reloading
INFO:werkzeug: * Detected change in '/home/lem/Codes/CMM/app.py', reloading
INFO:root:{
    "passphrase": "abcdefgh",
    "time": "2022-08-01T06:59:00Z",
    "exchange": "BINANCE",
    "ticker": "BTCUSD",
    "bar": {
        "time": "2022-08-01T06:59:00Z",
        "open": 23218.72,
        "high": 23218.72,
        "low": 23218.72,
        "close": 23218.72,
        "volume": 0.00081
    },
    "strategy": {
        "position_size": 1,
        "order_action": "sell",
        "order_contracts": 0.1,
        "order_price": 23218.72,
        "order_id": "BBandSE",
        "market_position": "long",
        "market_position_size": 0.1,
        "prev_market_position": "long",
        "prev_market_position_size": 1
    }
}
DEBUG:urllib3.connectionpool:Starting new HTTPS connection (1): discord.com:443
DEBUG:urllib3.connectionpool:https://discord.com:443 "POST /api/webhooks/993859661226840164/I8fTGIiwIssF7k9pTuAgtBoubXa3zG0PxPx7JsrgAdYV8mVcecUWJg1SGeRft_1IO5-3 HTTP/1.1" 204 0
INFO:root:Submitting order to Alpaca - symbol=BTCUSD quantity=0.1 side=sell limit_price=23219
DEBUG:urllib3.connectionpool:Starting new HTTPS connection (1): paper-api.alpaca.markets:443
DEBUG:urllib3.connectionpool:https://paper-api.alpaca.markets:443 "POST /v2/orders HTTP/1.1" 200 793
INFO:root:Got order back from Alpaca
INFO:root:Order({   'asset_class': 'crypto',
    'asset_id': '276e2673-764b-4ab6-a611-caf665ca6340',
    'canceled_at': None,
    'client_order_id': '6e32f659-6a78-4e6e-8c60-38d0ba2abb54',
    'created_at': '2022-08-01T09:05:03.865440139Z',
    'expired_at': None,
    'extended_hours': False,
    'failed_at': None,
    'filled_at': None,
    'filled_avg_price': None,
    'filled_qty': '0',
    'hwm': None,
    'id': 'abfe8182-740c-45c2-a913-b571f19088fe',
    'legs': None,
    'limit_price': '23219',
    'notional': None,
    'order_class': '',
    'order_type': 'limit',
    'qty': '0.1',
    'replaced_at': None,
    'replaced_by': None,
    'replaces': None,
    'side': 'sell',
    'source': None,
    'status': 'pending_new',
    'stop_price': None,
    'submitted_at': '2022-08-01T09:05:03.86315433Z',
    'subtag': None,
    'symbol': 'BTC/USD',
    'time_in_force': 'gtc',
    'trail_percent': None,
    'trail_price': None,
    'type': 'limit',
    'updated_at': '2022-08-01T09:05:03.865513639Z'})
DEBUG:urllib3.connectionpool:Starting new HTTPS connection (1): discord.com:443
DEBUG:urllib3.connectionpool:https://discord.com:443 "POST /api/webhooks/993859661226840164/I8fTGIiwIssF7k9pTuAgtBoubXa3zG0PxPx7JsrgAdYV8mVcecUWJg1SGeRft_1IO5-3 HTTP/1.1" 204 0
DEBUG:urllib3.connectionpool:Starting new HTTPS connection (1): discord.com:443
DEBUG:urllib3.connectionpool:https://discord.com:443 "POST /api/webhooks/993859661226840164/I8fTGIiwIssF7k9pTuAgtBoubXa3zG0PxPx7JsrgAdYV8mVcecUWJg1SGeRft_1IO5-3 HTTP/1.1" 204 0
INFO:werkzeug:127.0.0.1 - - [01/Aug/2022 17:05:04] "POST /webhook HTTP/1.1" 200 -
INFO:werkzeug: * Detected change in '/home/lem/Codes/CMM/app.py', reloading
INFO:werkzeug: * Detected change in '/home/lem/Codes/CMM/app.py', reloading
INFO:root:{
    "passphrase": "abcdefgh",
    "time": "2022-08-01T06:59:00Z",
    "exchange": "BINANCE",
    "ticker": "BTCUSD",
    "bar": {
        "time": "2022-08-01T06:59:00Z",
        "open": 23218.72,
        "high": 23218.72,
        "low": 23218.72,
        "close": 23218.72,
        "volume": 0.00081
    },
    "strategy": {
        "position_size": 1,
        "order_action": "sell",
        "order_contracts": 0.1,
        "order_price": 23218.72,
        "order_id": "BBandSE",
        "market_position": "long",
        "market_position_size": 0.1,
        "prev_market_position": "long",
        "prev_market_position_size": 1
    }
}
DEBUG:urllib3.connectionpool:Starting new HTTPS connection (1): discord.com:443
DEBUG:urllib3.connectionpool:https://discord.com:443 "POST /api/webhooks/993859661226840164/I8fTGIiwIssF7k9pTuAgtBoubXa3zG0PxPx7JsrgAdYV8mVcecUWJg1SGeRft_1IO5-3 HTTP/1.1" 204 0
INFO:root:Submitting order to Alpaca - symbol=BTCUSD quantity=0.1 side=sell limit_price=23219
DEBUG:urllib3.connectionpool:Starting new HTTPS connection (1): paper-api.alpaca.markets:443
DEBUG:urllib3.connectionpool:https://paper-api.alpaca.markets:443 "POST /v2/orders HTTP/1.1" 200 794
INFO:root:Got order back from Alpaca
INFO:root:Order({   'asset_class': 'crypto',
    'asset_id': '276e2673-764b-4ab6-a611-caf665ca6340',
    'canceled_at': None,
    'client_order_id': 'a2662234-3a8e-4544-927a-26f1682f7990',
    'created_at': '2022-08-01T09:07:28.353490188Z',
    'expired_at': None,
    'extended_hours': False,
    'failed_at': None,
    'filled_at': None,
    'filled_avg_price': None,
    'filled_qty': '0',
    'hwm': None,
    'id': '82a13b67-bb45-4920-a535-3307e063f8ec',
    'legs': None,
    'limit_price': '23219',
    'notional': None,
    'order_class': '',
    'order_type': 'limit',
    'qty': '0.1',
    'replaced_at': None,
    'replaced_by': None,
    'replaces': None,
    'side': 'sell',
    'source': None,
    'status': 'pending_new',
    'stop_price': None,
    'submitted_at': '2022-08-01T09:07:28.350370579Z',
    'subtag': None,
    'symbol': 'BTC/USD',
    'time_in_force': 'gtc',
    'trail_percent': None,
    'trail_price': None,
    'type': 'limit',
    'updated_at': '2022-08-01T09:07:28.353572479Z'})
DEBUG:urllib3.connectionpool:Starting new HTTPS connection (1): discord.com:443
DEBUG:urllib3.connectionpool:https://discord.com:443 "POST /api/webhooks/993859661226840164/I8fTGIiwIssF7k9pTuAgtBoubXa3zG0PxPx7JsrgAdYV8mVcecUWJg1SGeRft_1IO5-3 HTTP/1.1" 204 0
DEBUG:urllib3.connectionpool:Starting new HTTPS connection (1): discord.com:443
DEBUG:urllib3.connectionpool:https://discord.com:443 "POST /api/webhooks/993859661226840164/I8fTGIiwIssF7k9pTuAgtBoubXa3zG0PxPx7JsrgAdYV8mVcecUWJg1SGeRft_1IO5-3 HTTP/1.1" 204 0
INFO:werkzeug:127.0.0.1 - - [01/Aug/2022 17:07:29] "POST /webhook HTTP/1.1" 200 -
INFO:werkzeug: * Detected change in '/home/lem/Codes/CMM/app.py', reloading
INFO:werkzeug: * Detected change in '/home/lem/Codes/CMM/app.py', reloading
INFO:werkzeug: * Detected change in '/home/lem/Codes/CMM/app.py', reloading
INFO:werkzeug: * Detected change in '/home/lem/Codes/CMM/app.py', reloading
INFO:werkzeug: * Detected change in '/home/lem/Codes/CMM/app.py', reloading
INFO:werkzeug: * Detected change in '/home/lem/Codes/CMM/app.py', reloading
INFO:werkzeug: * Detected change in '/home/lem/Codes/CMM/app.py', reloading
INFO:werkzeug: * Detected change in '/home/lem/Codes/CMM/app.py', reloading
DEBUG:urllib3.connectionpool:Starting new HTTPS connection (1): paper-api.alpaca.markets:443
DEBUG:urllib3.connectionpool:https://paper-api.alpaca.markets:443 "GET /v2/orders HTTP/1.1" 200 2
INFO:werkzeug:127.0.0.1 - - [01/Aug/2022 17:15:02] "GET / HTTP/1.1" 200 -
INFO:werkzeug:127.0.0.1 - - [01/Aug/2022 17:15:02] "[33mGET /favicon.ico HTTP/1.1[0m" 404 -
INFO:werkzeug:127.0.0.1 - - [01/Aug/2022 17:15:04] "GET /logs HTTP/1.1" 200 -
INFO:werkzeug: * Detected change in '/home/lem/Codes/CMM/app.py', reloading
INFO:werkzeug:127.0.0.1 - - [01/Aug/2022 17:15:53] "GET /logs HTTP/1.1" 200 -
INFO:werkzeug: * Detected change in '/home/lem/Codes/CMM/app.py', reloading
INFO:werkzeug: * Detected change in '/home/lem/Codes/CMM/app.py', reloading
INFO:werkzeug:127.0.0.1 - - [01/Aug/2022 17:16:23] "GET /logs HTTP/1.1" 200 -
INFO:werkzeug:127.0.0.1 - - [01/Aug/2022 17:16:24] "GET /logs HTTP/1.1" 200 -
INFO:werkzeug: * Detected change in '/home/lem/Codes/CMM/app.py', reloading
INFO:werkzeug:127.0.0.1 - - [01/Aug/2022 17:16:56] "GET /logs HTTP/1.1" 200 -
INFO:werkzeug: * Detected change in '/home/lem/Codes/CMM/app.py', reloading
INFO:werkzeug:127.0.0.1 - - [01/Aug/2022 17:17:00] "GET /logs HTTP/1.1" 200 -
INFO:werkzeug: * Detected change in '/home/lem/Codes/CMM/app.py', reloading
INFO:werkzeug:127.0.0.1 - - [01/Aug/2022 17:18:38] "GET /logs HTTP/1.1" 200 -
INFO:werkzeug: * Detected change in '/home/lem/Codes/CMM/app.py', reloading
INFO:werkzeug:127.0.0.1 - - [01/Aug/2022 17:19:04] "GET /logs HTTP/1.1" 200 -
INFO:werkzeug:127.0.0.1 - - [01/Aug/2022 17:19:10] "GET /logs HTTP/1.1" 200 -
INFO:werkzeug: * Detected change in '/home/lem/Codes/CMM/app.py', reloading
INFO:werkzeug:127.0.0.1 - - [01/Aug/2022 17:19:11] "[35m[1mGET /logs HTTP/1.1[0m" 500 -
INFO:werkzeug:127.0.0.1 - - [01/Aug/2022 17:19:11] "GET /logs?__debugger__=yes&cmd=resource&f=debugger.js HTTP/1.1" 200 -
INFO:werkzeug:127.0.0.1 - - [01/Aug/2022 17:19:11] "GET /logs?__debugger__=yes&cmd=resource&f=style.css HTTP/1.1" 200 -
INFO:werkzeug:127.0.0.1 - - [01/Aug/2022 17:19:11] "GET /logs?__debugger__=yes&cmd=resource&f=console.png HTTP/1.1" 200 -
INFO:werkzeug: * Detected change in '/home/lem/Codes/CMM/app.py', reloading
INFO:werkzeug: * Detected change in '/home/lem/Codes/CMM/app.py', reloading
INFO:werkzeug:127.0.0.1 - - [01/Aug/2022 17:19:23] "GET /logs HTTP/1.1" 200 -
INFO:werkzeug: * Detected change in '/home/lem/Codes/CMM/app.py', reloading
INFO:werkzeug: * Detected change in '/home/lem/Codes/CMM/app.py', reloading
INFO:werkzeug: * Detected change in '/home/lem/Codes/CMM/app.py', reloading
INFO:werkzeug:127.0.0.1 - - [01/Aug/2022 17:22:46] "[33mGET /logs HTTP/1.1[0m" 404 -
INFO:werkzeug: * Detected change in '/home/lem/Codes/CMM/app.py', reloading
INFO:werkzeug: * Detected change in '/home/lem/Codes/CMM/app.py', reloading
INFO:werkzeug: * Detected change in '/home/lem/Codes/CMM/app.py', reloading
INFO:werkzeug: * Detected change in '/home/lem/Codes/CMM/app.py', reloading
INFO:werkzeug: * Detected change in '/home/lem/Codes/CMM/app.py', reloading
INFO:werkzeug:127.0.0.1 - - [01/Aug/2022 17:26:16] "GET /logs HTTP/1.1" 200 -
INFO:werkzeug:127.0.0.1 - - [01/Aug/2022 17:26:21] "[31m[1mGET /webhook HTTP/1.1[0m" 405 -
INFO:root:{
    "passphrase": "abcdefgh",
    "time": "2022-08-01T06:59:00Z",
    "exchange": "BINANCE",
    "ticker": "BTCUSD",
    "bar": {
        "time": "2022-08-01T06:59:00Z",
        "open": 23218.72,
        "high": 23218.72,
        "low": 23218.72,
        "close": 23218.72,
        "volume": 0.00081
    },
    "strategy": {
        "position_size": 1,
        "order_action": "sell",
        "order_contracts": 0.1,
        "order_price": 23218.72,
        "order_id": "BBandSE",
        "market_position": "long",
        "market_position_size": 0.1,
        "prev_market_position": "long",
        "prev_market_position_size": 1
    }
}
DEBUG:urllib3.connectionpool:Starting new HTTPS connection (1): discord.com:443
DEBUG:urllib3.connectionpool:https://discord.com:443 "POST /api/webhooks/993859661226840164/I8fTGIiwIssF7k9pTuAgtBoubXa3zG0PxPx7JsrgAdYV8mVcecUWJg1SGeRft_1IO5-3 HTTP/1.1" 204 0
INFO:root:Submitting order to Alpaca - symbol=BTCUSD quantity=0.1 side=sell limit_price=23219
DEBUG:urllib3.connectionpool:Starting new HTTPS connection (1): paper-api.alpaca.markets:443
DEBUG:urllib3.connectionpool:https://paper-api.alpaca.markets:443 "POST /v2/orders HTTP/1.1" 200 794
INFO:root:Got order back from Alpaca
INFO:root:Order({   'asset_class': 'crypto',
    'asset_id': '276e2673-764b-4ab6-a611-caf665ca6340',
    'canceled_at': None,
    'client_order_id': '42c8f986-0a1d-4cfe-b882-b15480253580',
    'created_at': '2022-08-01T09:26:34.121582243Z',
    'expired_at': None,
    'extended_hours': False,
    'failed_at': None,
    'filled_at': None,
    'filled_avg_price': None,
    'filled_qty': '0',
    'hwm': None,
    'id': 'dda60793-0a42-4233-bf6d-6c467ea29791',
    'legs': None,
    'limit_price': '23219',
    'notional': None,
    'order_class': '',
    'order_type': 'limit',
    'qty': '0.1',
    'replaced_at': None,
    'replaced_by': None,
    'replaces': None,
    'side': 'sell',
    'source': None,
    'status': 'pending_new',
    'stop_price': None,
    'submitted_at': '2022-08-01T09:26:34.118606353Z',
    'subtag': None,
    'symbol': 'BTC/USD',
    'time_in_force': 'gtc',
    'trail_percent': None,
    'trail_price': None,
    'type': 'limit',
    'updated_at': '2022-08-01T09:26:34.121651273Z'})
DEBUG:urllib3.connectionpool:Starting new HTTPS connection (1): discord.com:443
DEBUG:urllib3.connectionpool:https://discord.com:443 "POST /api/webhooks/993859661226840164/I8fTGIiwIssF7k9pTuAgtBoubXa3zG0PxPx7JsrgAdYV8mVcecUWJg1SGeRft_1IO5-3 HTTP/1.1" 204 0
DEBUG:urllib3.connectionpool:Starting new HTTPS connection (1): discord.com:443
DEBUG:urllib3.connectionpool:https://discord.com:443 "POST /api/webhooks/993859661226840164/I8fTGIiwIssF7k9pTuAgtBoubXa3zG0PxPx7JsrgAdYV8mVcecUWJg1SGeRft_1IO5-3 HTTP/1.1" 204 0
INFO:werkzeug:127.0.0.1 - - [01/Aug/2022 17:26:35] "POST /webhook HTTP/1.1" 200 -
INFO:werkzeug:127.0.0.1 - - [01/Aug/2022 17:26:46] "GET /logs HTTP/1.1" 200 -
